<?xml version="1.0" encoding="UTF-8"?>
<robot generator="Robot 6.1.1 (Python 3.10.12 on linux)" generated="20231115 15:18:08.517" rpa="false" schemaversion="4">
<suite id="s1" name="Login" source="/home/latvsann/ohtu-palautukset/viikko3/login-robot/src/tests/login.robot">
<test id="s1-t1" name="Login With Correct Credentials" line="6">
<kw name="Create User And Input Login Command" type="SETUP">
<kw name="Create User" library="AppLibrary">
<arg>kalle</arg>
<arg>kalle123</arg>
<status status="PASS" starttime="20231115 15:18:08.544" endtime="20231115 15:18:08.544"/>
</kw>
<kw name="Input Login Command" library="resource">
<kw name="Input" library="AppLibrary">
<arg>login</arg>
<status status="PASS" starttime="20231115 15:18:08.544" endtime="20231115 15:18:08.544"/>
</kw>
<status status="PASS" starttime="20231115 15:18:08.544" endtime="20231115 15:18:08.544"/>
</kw>
<status status="PASS" starttime="20231115 15:18:08.543" endtime="20231115 15:18:08.544"/>
</kw>
<kw name="Input Credentials" library="resource">
<arg>kalle</arg>
<arg>kalle123</arg>
<kw name="Input" library="AppLibrary">
<arg>${username}</arg>
<status status="PASS" starttime="20231115 15:18:08.544" endtime="20231115 15:18:08.544"/>
</kw>
<kw name="Input" library="AppLibrary">
<arg>${password}</arg>
<status status="PASS" starttime="20231115 15:18:08.544" endtime="20231115 15:18:08.545"/>
</kw>
<kw name="Run Application" library="AppLibrary">
<status status="PASS" starttime="20231115 15:18:08.545" endtime="20231115 15:20:45.631"/>
</kw>
<status status="PASS" starttime="20231115 15:18:08.544" endtime="20231115 15:20:45.631"/>
</kw>
<kw name="Output Should Contain" library="AppLibrary">
<arg>Logged in</arg>
<msg timestamp="20231115 15:20:45.632" level="FAIL">Output "Logged in" is not in ['']</msg>
<status status="FAIL" starttime="20231115 15:20:45.632" endtime="20231115 15:20:45.633"/>
</kw>
<status status="FAIL" starttime="20231115 15:18:08.543" endtime="20231115 15:20:45.633">Output "Logged in" is not in ['']</status>
</test>
<status status="FAIL" starttime="20231115 15:18:08.518" endtime="20231115 15:20:45.634"/>
</suite>
<statistics>
<total>
<stat pass="0" fail="1" skip="0">All Tests</stat>
</total>
<tag>
</tag>
<suite>
<stat pass="0" fail="1" skip="0" id="s1" name="Login">Login</stat>
</suite>
</statistics>
<errors>
</errors>
</robot>
